<?xml version="1.0" encoding="UTF-8"?>
<!-- Generated by org.testng.reporters.JUnitReportReporter -->
<testsuite hostname="ebemployee-146" failures="0" tests="3" name="testCases.TC003_loginDDT" time="27.351" errors="0" timestamp="23 Aug 2025 17:30:34 GMT" skipped="0">
  <testcase classname="testCases.TC003_loginDDT" name="verifylogin" time="11.290"/>
  <testcase classname="testCases.TC003_loginDDT" name="verifylogin" time="4.931"/>
  <testcase classname="testCases.TC003_loginDDT" name="verifylogin" time="11.130"/>
</testsuite> <!-- testCases.TC003_loginDDT -->
