<?xml version="1.0" encoding="UTF-8"?>
<!-- Generated by org.testng.reporters.JUnitReportReporter -->
<testsuite hostname="ebemployee-146" failures="0" tests="1" name="testCases.TC001_regestration" time="9.209" errors="0" timestamp="21 Aug 2025 03:25:12 GMT" skipped="0">
  <testcase classname="testCases.TC001_regestration" name="verify_account" time="9.209"/>
</testsuite> <!-- testCases.TC001_regestration -->
