<?xml version="1.0" encoding="UTF-8"?>
<!-- Generated by org.testng.reporters.JUnitReportReporter -->
<testsuite hostname="ebemployee-146" failures="0" tests="1" name="testCases.TC002_loginpage" time="1.450" errors="0" timestamp="25 Aug 2025 15:37:14 GMT" skipped="0">
  <testcase classname="testCases.TC002_loginpage" name="verifylogin" time="1.450"/>
</testsuite> <!-- testCases.TC002_loginpage -->
